<?xml version="1.0" encoding="UTF-8"?>
<!-- Generated by org.testng.reporters.JUnitXMLReporter -->
<testsuite hostname="TXCDTL87VS0322" ignored="0" name="Basic" tests="1" failures="0" timestamp="27 Sep 2019 05:19:20 GMT" time="0.043" errors="0">
  <testcase name="@BeforeClass launchdriver" time="0.0" classname="com.testcases.BaseClass">
    <failure type="org.testng.TestNGException" message="
Parameter &amp;apos;browser&amp;apos; is required by BeforeClass on method launchdriver but has not been marked @Optional or defined
in C:\Users\vs0322\Desktop\_MyWork\WS2019\myframework.again\myResources\XMLFiles\testng.xml">
      <![CDATA[org.testng.TestNGException: Parameter 'browser' is required by BeforeClass on method launchdriver but has not been marked @Optional or definedin C:\Users\vs0322\Desktop\_MyWork\WS2019\myframework.again\myResources\XMLFiles\testng.xml... Removed 23 stack frames]]>
    </failure>
  </testcase> <!-- @BeforeClass launchdriver -->
  <testcase name="@AfterMethod tearDownMethod" time="0.0" classname="com.testcases.BaseClass">
    <skipped/>
  </testcase> <!-- @AfterMethod tearDownMethod -->
  <testcase name="@AfterClass tearDownClass" time="0.0" classname="com.testcases.BaseClass">
    <skipped/>
  </testcase> <!-- @AfterClass tearDownClass -->
  <testcase name="TC003_FetchTrainingtabSubmenu" time="0.0" classname="com.testcases.TrainingMenuValidation">
    <skipped/>
  </testcase> <!-- TC003_FetchTrainingtabSubmenu -->
</testsuite> <!-- Basic -->
